2022-12-03 04:05:33,339 DEBUG    root            Loaded Command Group: ['gcloud', 'config']
2022-12-03 04:05:33,347 DEBUG    root            Loaded Command Group: ['gcloud', 'config', 'config_helper']
2022-12-03 04:05:33,349 DEBUG    root            Running [gcloud.config.config-helper] with arguments: [--format: "json"]
2022-12-03 04:05:40,392 DEBUG    google.auth.transport.requests Making request: GET http://metadata.google.internal/computeMetadata/v1/instance/service-accounts/bizjak3@gmail.com/?recursive=true
2022-12-03 04:05:40,396 DEBUG    urllib3.connectionpool Starting new HTTP connection (1): metadata.google.internal:80
2022-12-03 04:05:40,398 DEBUG    urllib3.connectionpool http://metadata.google.internal:80 "GET /computeMetadata/v1/instance/service-accounts/bizjak3@gmail.com/?recursive=true HTTP/1.1" 200 None
2022-12-03 04:05:40,399 DEBUG    google.auth.transport.requests Making request: GET http://metadata.google.internal/computeMetadata/v1/instance/service-accounts/bizjak3@gmail.com/token
2022-12-03 04:05:40,400 DEBUG    urllib3.connectionpool Resetting dropped connection: metadata.google.internal
2022-12-03 04:05:40,403 DEBUG    urllib3.connectionpool http://metadata.google.internal:80 "GET /computeMetadata/v1/instance/service-accounts/bizjak3@gmail.com/token HTTP/1.1" 200 None
2022-12-03 04:05:40,417 INFO     root            Display format: "default json"
2022-12-03 04:05:40,418 INFO     ___FILE_ONLY___ {
  "configuration": {
    "active_configuration": "default",
    "properties": {
      "accessibility": {
        "screen_reader": "True"
      },
      "component_manager": {
        "disable_update_check": "True"
      },
      "compute": {
        "gce_metadata_read_timeout_sec": "30"
      },
      "core": {
        "account": "bizjak3@gmail.com",
        "disable_usage_reporting": "True"
      },
      "metrics": {
        "environment": "cloudcode.vscode",
        "environment_version": "1.19.0"
      }
    }
  },
  "credential": {
    "access_token": "ya29.a0AeTM1ie-g48jZ1NWzN_QyVgygA4r-W2GezpMMU3vpImD9CGxmzXFd9ZCXJHT0u1sbxZTnKVLQ4hYvuMmNhLHWWU6WvTCi8n5Zc6NoP5Nw5nxp4AUCOrbYTaQ9VMO6iiO-RAg2ddud4tKAFxw7dHjAsRjh75Py68JiRqrE5YsgB6guhn2_z17wPzOAvaH1_mHlEUdbOdciJvpHwh6bkHO_M5H5nwqt6U_CFgMwHGCcXTaHMh1MhSwiMM1F0bU5ld3rHtBmQIaCgYKASwSARASFQHWtWOmzuiYjCC_BIIez32PB4S_tw0270",
    "id_token": "eyJhbGciOiJSUzI1NiIsImtpZCI6IjU1MmRlMjdmNTE1NzM3NTM5NjAwZDg5YjllZTJlNGVkNTM1ZmI1MTkiLCJ0eXAiOiJKV1QifQ.eyJpc3MiOiJhY2NvdW50cy5nb29nbGUuY29tIiwiYXpwIjoiNjE4MTA0NzA4MDU0LTlyOXMxYzRhbGczNmVybGl1Y2hvOXQ1Mm4zMm42ZGdxLmFwcHMuZ29vZ2xldXNlcmNvbnRlbnQuY29tIiwiYXVkIjoiNjE4MTA0NzA4MDU0LTlyOXMxYzRhbGczNmVybGl1Y2hvOXQ1Mm4zMm42ZGdxLmFwcHMuZ29vZ2xldXNlcmNvbnRlbnQuY29tIiwic3ViIjoiMTA5NTM3MzUyNDI0NjQ4OTEzMjYzIiwiZW1haWwiOiJiaXpqYWszQGdtYWlsLmNvbSIsImVtYWlsX3ZlcmlmaWVkIjp0cnVlLCJhdF9oYXNoIjoiUlpCbVdxa2EwdzY0T09WX2dCMXVNQSIsImlhdCI6MTY3MDA0MDMzOCwiZXhwIjoxNjcwMDQzOTM4LCJqdGkiOiI0ZmFjY2IwZWE2YWZhZmU2N2JiOTQ1MmIxYmY5NzJhODVhYTdiYjAwIn0.JwDZDiWjHz37TYaTpcHwvPogfgR4m-E7AX0DZexcx6KxBsRV6gLJImppUDHsiLGMY8f2QMWe5qh5Apeg7umJQMOOJZzF3VdL5CE-I083VFAb7L7mbSZ2Ny2rmePCUS0RfrP2ygGHvkGrSknsGy5xCdUrNWM1F4_dm5X4HNeo1tmkXOxYsmOSo7v0Yj2jQ5kWlCi5OCh1IfVqsw-owwioPD6e7F4iiD8JuSnT0n2pdkgg2ljZwVFdDa-GuXB8mVI-2vUN9JUEmklqM3p5XiKpW2fRfePlrq93kGXhKhE5pVpI4FcLi0hCcZhXNvbm7BxbdPW_JTWuW6vZP31v5ZxkjQ",
    "token_expiry": "2022-12-03T05:05:36Z"
  },
  "sentinels": {
    "config_sentinel": "/home/bizjak3/.config/gcloud/config_sentinel"
  }
}
2022-12-03 04:05:40,418 INFO     ___FILE_ONLY___ 

2022-12-03 04:05:40,418 DEBUG    root            SDK update checks are disabled.
