2022-12-03 05:44:37,269 DEBUG    root            Loaded Command Group: ['gcloud', 'config']
2022-12-03 05:44:37,273 DEBUG    root            Loaded Command Group: ['gcloud', 'config', 'config_helper']
2022-12-03 05:44:37,276 DEBUG    root            Running [gcloud.config.config-helper] with arguments: [--format: "json"]
2022-12-03 05:44:37,288 DEBUG    google.auth.transport.requests Making request: GET http://metadata.google.internal/computeMetadata/v1/instance/service-accounts/bizjak3@gmail.com/?recursive=true
2022-12-03 05:44:37,290 DEBUG    urllib3.connectionpool Starting new HTTP connection (1): metadata.google.internal:80
2022-12-03 05:44:37,294 DEBUG    urllib3.connectionpool http://metadata.google.internal:80 "GET /computeMetadata/v1/instance/service-accounts/bizjak3@gmail.com/?recursive=true HTTP/1.1" 200 None
2022-12-03 05:44:37,295 DEBUG    google.auth.transport.requests Making request: GET http://metadata.google.internal/computeMetadata/v1/instance/service-accounts/bizjak3@gmail.com/token
2022-12-03 05:44:37,296 DEBUG    urllib3.connectionpool Resetting dropped connection: metadata.google.internal
2022-12-03 05:44:37,299 DEBUG    urllib3.connectionpool http://metadata.google.internal:80 "GET /computeMetadata/v1/instance/service-accounts/bizjak3@gmail.com/token HTTP/1.1" 200 None
2022-12-03 05:44:37,311 INFO     root            Display format: "default json"
2022-12-03 05:44:37,312 INFO     ___FILE_ONLY___ {
  "configuration": {
    "active_configuration": "default",
    "properties": {
      "accessibility": {
        "screen_reader": "True"
      },
      "component_manager": {
        "disable_update_check": "True"
      },
      "compute": {
        "gce_metadata_read_timeout_sec": "30"
      },
      "core": {
        "account": "bizjak3@gmail.com",
        "disable_usage_reporting": "True"
      },
      "metrics": {
        "environment": "cloudcode.vscode",
        "environment_version": "1.19.0"
      }
    }
  },
  "credential": {
    "access_token": "ya29.a0AeTM1idY2Vi4r9do2FfjVifn2F2pNS4Zvhwf9VhDDErW9tRpvKHPXzzs5zfQzTlaTSK2MnRBThvX1l6QPApzF5XEGWysbjlcKGJbvKC2g2Mg0lTXEPM56pa6pI8DOdScXTC-Ojj2b3cCCTDmhqd6l9vDDbEMZJaTBojELnYP_aF0Ff0yJA8itw1G2j9xi1d3gJnduBS67lSiKEoHAsXGXwlVFQdgS5DzRwQz32PSWkZ2iQW4JOMGRefD7QwcIv1Pd18oPd4aCgYKAUwSARASFQHWtWOmIK7BFyBMvcx1sYm_BFGg9A0270",
    "id_token": "eyJhbGciOiJSUzI1NiIsImtpZCI6IjE4MzkyM2M4Y2ZlYzEwZjkyY2IwMTNkMDZlMWU3Y2RkNzg3NGFlYTUiLCJ0eXAiOiJKV1QifQ.eyJpc3MiOiJhY2NvdW50cy5nb29nbGUuY29tIiwiYXpwIjoiNjE4MTA0NzA4MDU0LTlyOXMxYzRhbGczNmVybGl1Y2hvOXQ1Mm4zMm42ZGdxLmFwcHMuZ29vZ2xldXNlcmNvbnRlbnQuY29tIiwiYXVkIjoiNjE4MTA0NzA4MDU0LTlyOXMxYzRhbGczNmVybGl1Y2hvOXQ1Mm4zMm42ZGdxLmFwcHMuZ29vZ2xldXNlcmNvbnRlbnQuY29tIiwic3ViIjoiMTA5NTM3MzUyNDI0NjQ4OTEzMjYzIiwiZW1haWwiOiJiaXpqYWszQGdtYWlsLmNvbSIsImVtYWlsX3ZlcmlmaWVkIjp0cnVlLCJhdF9oYXNoIjoiMmE0RmttREVrVlAyTlRmYW1PRHRhQSIsImlhdCI6MTY3MDA0NTMyNiwiZXhwIjoxNjcwMDQ4OTI2LCJqdGkiOiI1ODMyYTU4NzEwOGUwZDEyMmQ5NTc4MjQ4MzYzN2MzZGNiMDBlODAxIn0.Q9L2wST73z3tSPTXzbZeGPhyfTgA4kaDaGI2bFVsYhHKUU6ivPjDFsh8eG68gAkSn2tHrdSZEA9UFyMisDTkAYuaTW-KJY-J8dtux1Xm9Db8XG2h6rR24-78toccBN9A5PrSWRyBnycaKmZUPwW-_OBi6z9Htn7n7XZXulPXgJZJpB0HTRIBLlSuPLvZOMhDUlvFKNxfpHoDraR15B1258uSIqtwmEViSO0DcW6ybDyZEQviIlYl0wrHq_7M4EOWgVWtoT6gYNRpdlSOVMxQCAbVAKG6IwnKp4Yy67HP4Rb46as6wF4Kb7M7BgT31eNqsGxdTDHW4oVkVUjoO-UhMg",
    "token_expiry": "2022-12-03T06:28:43Z"
  },
  "sentinels": {
    "config_sentinel": "/home/bizjak3/.config/gcloud/config_sentinel"
  }
}
2022-12-03 05:44:37,312 INFO     ___FILE_ONLY___ 

2022-12-03 05:44:37,313 DEBUG    root            SDK update checks are disabled.
