2022-12-03 07:41:27,026 DEBUG    root            Loaded Command Group: ['gcloud', 'config']
2022-12-03 07:41:27,035 DEBUG    root            Loaded Command Group: ['gcloud', 'config', 'config_helper']
2022-12-03 07:41:27,038 DEBUG    root            Running [gcloud.config.config-helper] with arguments: [--format: "json"]
2022-12-03 07:41:32,072 DEBUG    google.auth.transport.requests Making request: GET http://metadata.google.internal/computeMetadata/v1/instance/service-accounts/bizjak3@gmail.com/?recursive=true
2022-12-03 07:41:32,076 DEBUG    urllib3.connectionpool Starting new HTTP connection (1): metadata.google.internal:80
2022-12-03 07:41:32,079 DEBUG    urllib3.connectionpool http://metadata.google.internal:80 "GET /computeMetadata/v1/instance/service-accounts/bizjak3@gmail.com/?recursive=true HTTP/1.1" 200 None
2022-12-03 07:41:32,080 DEBUG    google.auth.transport.requests Making request: GET http://metadata.google.internal/computeMetadata/v1/instance/service-accounts/bizjak3@gmail.com/token
2022-12-03 07:41:32,082 DEBUG    urllib3.connectionpool Resetting dropped connection: metadata.google.internal
2022-12-03 07:41:32,084 DEBUG    urllib3.connectionpool http://metadata.google.internal:80 "GET /computeMetadata/v1/instance/service-accounts/bizjak3@gmail.com/token HTTP/1.1" 200 None
2022-12-03 07:41:32,101 INFO     root            Display format: "default json"
2022-12-03 07:41:32,102 INFO     ___FILE_ONLY___ {
  "configuration": {
    "active_configuration": "default",
    "properties": {
      "accessibility": {
        "screen_reader": "True"
      },
      "component_manager": {
        "disable_update_check": "True"
      },
      "compute": {
        "gce_metadata_read_timeout_sec": "30"
      },
      "core": {
        "account": "bizjak3@gmail.com",
        "disable_usage_reporting": "True"
      },
      "metrics": {
        "environment": "cloudcode.vscode",
        "environment_version": "1.19.0"
      }
    }
  },
  "credential": {
    "access_token": "ya29.a0AeTM1id-WWN2AxaRmMiCOqCw7e4uQlesa9fnxEKGdeiQuRTTYV_ECzmDj6qlh4j0RTw4kboAG98rNH-TfOrY0ngm4bqASFaVCSTUJtL4HpskHNFHV37pHNYZhTKVJu9nlSYuBUi6n4mgX4CtChmMZCf4vaISlcfv8mgAEvePjzg7uLidE7KY-CQAndhtM1yZcodWqIBxWhv9MeTpA92HrKlVchj5Rm6A_vOfm8SLtJNEU5b3HZywrfSAzL7QSqtiGF3RPzUaCgYKAVYSARASFQHWtWOm5H9eZbCDE0_Lb7MCscUncQ0270",
    "id_token": "eyJhbGciOiJSUzI1NiIsImtpZCI6IjU1MmRlMjdmNTE1NzM3NTM5NjAwZDg5YjllZTJlNGVkNTM1ZmI1MTkiLCJ0eXAiOiJKV1QifQ.eyJpc3MiOiJhY2NvdW50cy5nb29nbGUuY29tIiwiYXpwIjoiNjE4MTA0NzA4MDU0LTlyOXMxYzRhbGczNmVybGl1Y2hvOXQ1Mm4zMm42ZGdxLmFwcHMuZ29vZ2xldXNlcmNvbnRlbnQuY29tIiwiYXVkIjoiNjE4MTA0NzA4MDU0LTlyOXMxYzRhbGczNmVybGl1Y2hvOXQ1Mm4zMm42ZGdxLmFwcHMuZ29vZ2xldXNlcmNvbnRlbnQuY29tIiwic3ViIjoiMTA5NTM3MzUyNDI0NjQ4OTEzMjYzIiwiZW1haWwiOiJiaXpqYWszQGdtYWlsLmNvbSIsImVtYWlsX3ZlcmlmaWVkIjp0cnVlLCJhdF9oYXNoIjoiaDBGMzVadXhYQWEwblhwaDlkMjdWUSIsImlhdCI6MTY3MDA1MzI5MSwiZXhwIjoxNjcwMDU2ODkxLCJqdGkiOiJmNGQ1NDMyZDA0MjlmZWMyOTM5NjllYzQwZjE3ODJiZTRjMzU5YTFhIn0.Va2Ret1r_dZby1xdPncggXHcyiZQmzBt1X4bbxhgfnnVaRRgr64UB5-dKdZYWww0ip5yqWsjr_CrYBMhLO88wUwAneHqvtB-vxVKGkyD5qc9Uz3CDRYak_0hpyJ6Icxe8BD8eG5Kws3-7_0cQb1NWUUI4qvIyOrRXYM3uthz5T3gJQODz5WRvxy0rHSIiB3RIxKmvkvwnTNW0sjOmrRkw2VyHRzkrRv3XpA0Y3x41ku6qTJDAjGRA8aJIFcXMa4uTq024Jn5Hu4f5YCNbvNbn0ulqLcBx1DdDpcFneketcijVC6HXMGCLf6_xTkWTLefwUuvx-LYwYK0LuY1Fvm_og",
    "token_expiry": "2022-12-03T08:41:29Z"
  },
  "sentinels": {
    "config_sentinel": "/home/bizjak3/.config/gcloud/config_sentinel"
  }
}
2022-12-03 07:41:32,102 INFO     ___FILE_ONLY___ 

2022-12-03 07:41:32,103 DEBUG    root            SDK update checks are disabled.
