2022-12-03 08:49:07,801 DEBUG    root            Loaded Command Group: ['gcloud', 'config']
2022-12-03 08:49:07,804 DEBUG    root            Loaded Command Group: ['gcloud', 'config', 'config_helper']
2022-12-03 08:49:07,807 DEBUG    root            Running [gcloud.config.config-helper] with arguments: [--format: "json"]
2022-12-03 08:49:07,824 DEBUG    google.auth.transport.requests Making request: GET http://metadata.google.internal/computeMetadata/v1/instance/service-accounts/bizjak3@gmail.com/?recursive=true
2022-12-03 08:49:07,827 DEBUG    urllib3.connectionpool Starting new HTTP connection (1): metadata.google.internal:80
2022-12-03 08:49:07,830 DEBUG    urllib3.connectionpool http://metadata.google.internal:80 "GET /computeMetadata/v1/instance/service-accounts/bizjak3@gmail.com/?recursive=true HTTP/1.1" 200 None
2022-12-03 08:49:07,832 DEBUG    google.auth.transport.requests Making request: GET http://metadata.google.internal/computeMetadata/v1/instance/service-accounts/bizjak3@gmail.com/token
2022-12-03 08:49:07,833 DEBUG    urllib3.connectionpool Resetting dropped connection: metadata.google.internal
2022-12-03 08:49:07,836 DEBUG    urllib3.connectionpool http://metadata.google.internal:80 "GET /computeMetadata/v1/instance/service-accounts/bizjak3@gmail.com/token HTTP/1.1" 200 None
2022-12-03 08:49:07,856 INFO     root            Display format: "default json"
2022-12-03 08:49:07,857 INFO     ___FILE_ONLY___ {
  "configuration": {
    "active_configuration": "default",
    "properties": {
      "accessibility": {
        "screen_reader": "True"
      },
      "component_manager": {
        "disable_update_check": "True"
      },
      "compute": {
        "gce_metadata_read_timeout_sec": "30"
      },
      "core": {
        "account": "bizjak3@gmail.com",
        "disable_usage_reporting": "True"
      },
      "metrics": {
        "environment": "cloudcode.vscode",
        "environment_version": "1.19.0"
      }
    }
  },
  "credential": {
    "access_token": "ya29.a0AeTM1id80obX1qDSWBUH3bEROHkpkU4HL3shA3Kl_uUHB0d0HuVBnMy8k6wlZ8bzDAmN_Uc3Kpzk2R3hpLIMJva1icsh81hk7zAmTYey7sGn4jZsp0QiUj2JX97u6sAQZtxbl5VvvIME-0QjTFx0jEqz1wzcMUc0Pm5EzNVDk6Ibek_jfgckB3GBxwMHYSxhhWx-f1wPnQjHVn3vEr0jTb_xlidDCvyUxnZleRq-5NzYvBm85Jr6ye2n9MLNdqd5R66-0nkaCgYKAZASARASFQHWtWOmWJLsoEcwTdC2_66gOCIDlA0270",
    "id_token": "eyJhbGciOiJSUzI1NiIsImtpZCI6IjU1MmRlMjdmNTE1NzM3NTM5NjAwZDg5YjllZTJlNGVkNTM1ZmI1MTkiLCJ0eXAiOiJKV1QifQ.eyJpc3MiOiJhY2NvdW50cy5nb29nbGUuY29tIiwiYXpwIjoiNjE4MTA0NzA4MDU0LTlyOXMxYzRhbGczNmVybGl1Y2hvOXQ1Mm4zMm42ZGdxLmFwcHMuZ29vZ2xldXNlcmNvbnRlbnQuY29tIiwiYXVkIjoiNjE4MTA0NzA4MDU0LTlyOXMxYzRhbGczNmVybGl1Y2hvOXQ1Mm4zMm42ZGdxLmFwcHMuZ29vZ2xldXNlcmNvbnRlbnQuY29tIiwic3ViIjoiMTA5NTM3MzUyNDI0NjQ4OTEzMjYzIiwiZW1haWwiOiJiaXpqYWszQGdtYWlsLmNvbSIsImVtYWlsX3ZlcmlmaWVkIjp0cnVlLCJhdF9oYXNoIjoiUEdNNHlTVFY4clRDdXRjZlJwWExNZyIsImlhdCI6MTY3MDA1NjgzMCwiZXhwIjoxNjcwMDYwNDMwLCJqdGkiOiJkZjY3ODRmYTgwNTlmYWRhNDkxYjI1ZDc1M2ZlMTk3YmQ2NmIyMDgxIn0.dtnOwuBWwrbcjTPGmvy0ajM-VVHnwDETAeagYcy17DqssSdR9tIgfH0LKQD2HclrPgjTd649t_-QJqAIULnGHpTwAFIWa5dF6TThbf0EyGCbqPLI_Ocbr89N5_BDg91Sx_KcWwH7NfMU6iPGuqy9gU3q0gLZ5HpwK9fA4XUuA4z42SEO4Uu8k1Mov9KIEoBjyI3Mw2xdmDDul7d1meIgwd_mTcXwVSCXcZoR-7BzB_byP4WJWU31z5Udgfs-HZ7EoKFdPHvJ5VQlsejWTyttIA4B-MyChPtx_lfaBUcUD4zR1_ovUDyIDA2Md7ERUbqKohj8foXGXHYcNzhLojZYuA",
    "token_expiry": "2022-12-03T09:40:28Z"
  },
  "sentinels": {
    "config_sentinel": "/home/bizjak3/.config/gcloud/config_sentinel"
  }
}
2022-12-03 08:49:07,857 INFO     ___FILE_ONLY___ 

2022-12-03 08:49:07,858 DEBUG    root            SDK update checks are disabled.
