2022-12-03 11:01:04,570 DEBUG    root            Loaded Command Group: ['gcloud', 'config']
2022-12-03 11:01:04,573 DEBUG    root            Loaded Command Group: ['gcloud', 'config', 'config_helper']
2022-12-03 11:01:04,576 DEBUG    root            Running [gcloud.config.config-helper] with arguments: [--format: "json"]
2022-12-03 11:01:04,592 DEBUG    google.auth.transport.requests Making request: GET http://metadata.google.internal/computeMetadata/v1/instance/service-accounts/bizjak3@gmail.com/?recursive=true
2022-12-03 11:01:04,595 DEBUG    urllib3.connectionpool Starting new HTTP connection (1): metadata.google.internal:80
2022-12-03 11:01:04,598 DEBUG    urllib3.connectionpool http://metadata.google.internal:80 "GET /computeMetadata/v1/instance/service-accounts/bizjak3@gmail.com/?recursive=true HTTP/1.1" 200 None
2022-12-03 11:01:04,599 DEBUG    google.auth.transport.requests Making request: GET http://metadata.google.internal/computeMetadata/v1/instance/service-accounts/bizjak3@gmail.com/token
2022-12-03 11:01:04,601 DEBUG    urllib3.connectionpool Resetting dropped connection: metadata.google.internal
2022-12-03 11:01:04,604 DEBUG    urllib3.connectionpool http://metadata.google.internal:80 "GET /computeMetadata/v1/instance/service-accounts/bizjak3@gmail.com/token HTTP/1.1" 200 None
2022-12-03 11:01:04,620 INFO     root            Display format: "default json"
2022-12-03 11:01:04,621 INFO     ___FILE_ONLY___ {
  "configuration": {
    "active_configuration": "default",
    "properties": {
      "accessibility": {
        "screen_reader": "True"
      },
      "component_manager": {
        "disable_update_check": "True"
      },
      "compute": {
        "gce_metadata_read_timeout_sec": "30"
      },
      "core": {
        "account": "bizjak3@gmail.com",
        "disable_usage_reporting": "True"
      },
      "metrics": {
        "environment": "cloudcode.vscode",
        "environment_version": "1.19.0"
      }
    }
  },
  "credential": {
    "access_token": "ya29.a0AeTM1icPVduvxZZpH5M5puJRFoHb4RJP9K1t6VwLOHXv4zhTBODj772c8G6IGtHd1wtWDxVSJMOy9uXIbIeZ3bvxLgurgefo7uMhFSAohx5eYbjoF8hV6P3bIojHYA44sDIZSxcko44Kxnxrw6qQciEv8nvEM9ppN1wzW4kfmFu5hPKyAcO-gqzb24NSyxwdC32KeR7DtdJgNjH0J1RE4D-wJ7z-8il6LLsiPnl2kg77nc3LLdsNM3EAVNglpjbgEB5zCxYaCgYKAcwSARASFQHWtWOm4Ay1reDqjYwpTv2_uflr3A0270",
    "id_token": "eyJhbGciOiJSUzI1NiIsImtpZCI6IjU1MmRlMjdmNTE1NzM3NTM5NjAwZDg5YjllZTJlNGVkNTM1ZmI1MTkiLCJ0eXAiOiJKV1QifQ.eyJpc3MiOiJhY2NvdW50cy5nb29nbGUuY29tIiwiYXpwIjoiNjE4MTA0NzA4MDU0LTlyOXMxYzRhbGczNmVybGl1Y2hvOXQ1Mm4zMm42ZGdxLmFwcHMuZ29vZ2xldXNlcmNvbnRlbnQuY29tIiwiYXVkIjoiNjE4MTA0NzA4MDU0LTlyOXMxYzRhbGczNmVybGl1Y2hvOXQ1Mm4zMm42ZGdxLmFwcHMuZ29vZ2xldXNlcmNvbnRlbnQuY29tIiwic3ViIjoiMTA5NTM3MzUyNDI0NjQ4OTEzMjYzIiwiZW1haWwiOiJiaXpqYWszQGdtYWlsLmNvbSIsImVtYWlsX3ZlcmlmaWVkIjp0cnVlLCJhdF9oYXNoIjoiRzUxM255dGtIUXRCSlNEX1hETXh5dyIsImlhdCI6MTY3MDA2Mzc5MSwiZXhwIjoxNjcwMDY3MzkxLCJqdGkiOiJkMjI1OWJiNWQwMWM0NzFkNTljMzdkM2FhYzYzMzMxZjBhZGU2NWM0In0.ZfKdo5jzU3EyASZFbEC6F7yIKFbQMamW5nxqkIgV4-qrmt3HEH-c0-mBBKHTc09VKznHoa2RsGlhRKzERuVj9utWNKkFctEguKGa5ygWh4pU2Gj1N0jpW7I-9zmh3LCFUH8WMCKfVl8E3ASGNQSfVZ4YNQ7XAyC-2-cyRrqYsYKWk_mdpm2TQMKW3C4Cvo4U_lxokC9ARvtoyokANwMB98YFk8tGZXA4dMPWrLogcLiN5JfLn-nZZEccKh_SycfqH6t3DNrT9qBUBUYYmzih2flbOZr59335YMT29Fzro3dkOTHYFgSd3pw2jnGfLhSH5U07IInjeZmq1c8Ja3TUyg",
    "token_expiry": "2022-12-03T11:36:29Z"
  },
  "sentinels": {
    "config_sentinel": "/home/bizjak3/.config/gcloud/config_sentinel"
  }
}
2022-12-03 11:01:04,621 INFO     ___FILE_ONLY___ 

2022-12-03 11:01:04,622 DEBUG    root            SDK update checks are disabled.
