2022-12-03 18:57:41,119 DEBUG    root            Loaded Command Group: ['gcloud', 'config']
2022-12-03 18:57:41,121 DEBUG    root            Loaded Command Group: ['gcloud', 'config', 'config_helper']
2022-12-03 18:57:41,123 DEBUG    root            Running [gcloud.config.config-helper] with arguments: [--format: "json"]
2022-12-03 18:57:41,139 DEBUG    google.auth.transport.requests Making request: GET http://metadata.google.internal/computeMetadata/v1/instance/service-accounts/bizjak3@gmail.com/?recursive=true
2022-12-03 18:57:41,143 DEBUG    urllib3.connectionpool Starting new HTTP connection (1): metadata.google.internal:80
2022-12-03 18:57:41,148 DEBUG    urllib3.connectionpool http://metadata.google.internal:80 "GET /computeMetadata/v1/instance/service-accounts/bizjak3@gmail.com/?recursive=true HTTP/1.1" 200 None
2022-12-03 18:57:41,149 DEBUG    google.auth.transport.requests Making request: GET http://metadata.google.internal/computeMetadata/v1/instance/service-accounts/bizjak3@gmail.com/token
2022-12-03 18:57:41,150 DEBUG    urllib3.connectionpool Resetting dropped connection: metadata.google.internal
2022-12-03 18:57:41,153 DEBUG    urllib3.connectionpool http://metadata.google.internal:80 "GET /computeMetadata/v1/instance/service-accounts/bizjak3@gmail.com/token HTTP/1.1" 200 None
2022-12-03 18:57:41,170 INFO     root            Display format: "default json"
2022-12-03 18:57:41,171 INFO     ___FILE_ONLY___ {
  "configuration": {
    "active_configuration": "default",
    "properties": {
      "accessibility": {
        "screen_reader": "True"
      },
      "component_manager": {
        "disable_update_check": "True"
      },
      "compute": {
        "gce_metadata_read_timeout_sec": "30"
      },
      "core": {
        "account": "bizjak3@gmail.com",
        "disable_usage_reporting": "True"
      },
      "metrics": {
        "environment": "cloudcode.vscode",
        "environment_version": "1.19.0"
      }
    }
  },
  "credential": {
    "access_token": "ya29.a0AeTM1ifG0Gc7EtHgnpZ0YwAwTnNHwvXI8RpyElbmZBFzxxnbl5Lm4CECXEU-xwTDDd2S23ZpLMSeaD-UsaJvWmUCjorxU94YlTvczVAnIdEywHXjR5Pyc5VX9LxdpaZ11WoZDtfCUagqgUyewmHkFIiICV5kiQrTa3TkS90XoLOqaWbvWFpCrMZc4ylqFZYwUa5dQetHt-k1ZNP8SwI9eqZjttxkquOnMDoFhLl8Tlmc1w5HH2DqQeJkBp8Qhv_odq33bfoaCgYKAYcSARASFQHWtWOmT_CiEFGlP4ti1ehjfwJ3Lg0270",
    "id_token": "eyJhbGciOiJSUzI1NiIsImtpZCI6IjE4MzkyM2M4Y2ZlYzEwZjkyY2IwMTNkMDZlMWU3Y2RkNzg3NGFlYTUiLCJ0eXAiOiJKV1QifQ.eyJpc3MiOiJhY2NvdW50cy5nb29nbGUuY29tIiwiYXpwIjoiNjE4MTA0NzA4MDU0LTlyOXMxYzRhbGczNmVybGl1Y2hvOXQ1Mm4zMm42ZGdxLmFwcHMuZ29vZ2xldXNlcmNvbnRlbnQuY29tIiwiYXVkIjoiNjE4MTA0NzA4MDU0LTlyOXMxYzRhbGczNmVybGl1Y2hvOXQ1Mm4zMm42ZGdxLmFwcHMuZ29vZ2xldXNlcmNvbnRlbnQuY29tIiwic3ViIjoiMTA5NTM3MzUyNDI0NjQ4OTEzMjYzIiwiZW1haWwiOiJiaXpqYWszQGdtYWlsLmNvbSIsImVtYWlsX3ZlcmlmaWVkIjp0cnVlLCJhdF9oYXNoIjoiVjBZNU9PNjd4aXNMZ1pTYnNCeWVCZyIsImlhdCI6MTY3MDA5MjQ2NiwiZXhwIjoxNjcwMDk2MDY2LCJqdGkiOiJhMzdmMjQ2NDk3N2NlMGM1YjFhNzg3ZDIzMmYwOTAxMjVjYzg4MDUwIn0.Qt7OyqB5xUzKNRotnvJO3qQG24SpkmIh_TOex130Za3G7YTPMHVVFqt5NspLmfh4jHWai7q15fMj16QQrz7f4BzxXYW6PupN_MDZRCxcaHkLo6mLbh6pHlFmhhIfhtsqKfkGoVJBzkzi3rvLi09HllQJUWHCukg0a0ej4Gvy9kfqqApJ4wkf0EgIHFdZGkf1ODF3GU9epZovmhO69uMp-7Us1MnJsK--8mE84C3dIvfFqBsPXk_rAqFGNphd-ljGug9NCGnGWJHxj2GTSS0Rio_FXJXr1hxkBQldtuxnSD2aEaj_1DX8JlO1PzAgDPPGRAzvcz_i2PDs6hm4XMTFHA",
    "token_expiry": "2022-12-03T19:34:24Z"
  },
  "sentinels": {
    "config_sentinel": "/home/bizjak3/.config/gcloud/config_sentinel"
  }
}
2022-12-03 18:57:41,171 INFO     ___FILE_ONLY___ 

2022-12-03 18:57:41,172 DEBUG    root            SDK update checks are disabled.
