2022-12-03 21:32:23,764 DEBUG    root            Loaded Command Group: ['gcloud', 'config']
2022-12-03 21:32:23,767 DEBUG    root            Loaded Command Group: ['gcloud', 'config', 'config_helper']
2022-12-03 21:32:23,769 DEBUG    root            Running [gcloud.config.config-helper] with arguments: [--format: "json"]
2022-12-03 21:32:23,783 DEBUG    google.auth.transport.requests Making request: GET http://metadata.google.internal/computeMetadata/v1/instance/service-accounts/bizjak3@gmail.com/?recursive=true
2022-12-03 21:32:23,785 DEBUG    urllib3.connectionpool Starting new HTTP connection (1): metadata.google.internal:80
2022-12-03 21:32:23,788 DEBUG    urllib3.connectionpool http://metadata.google.internal:80 "GET /computeMetadata/v1/instance/service-accounts/bizjak3@gmail.com/?recursive=true HTTP/1.1" 200 None
2022-12-03 21:32:23,789 DEBUG    google.auth.transport.requests Making request: GET http://metadata.google.internal/computeMetadata/v1/instance/service-accounts/bizjak3@gmail.com/token
2022-12-03 21:32:23,790 DEBUG    urllib3.connectionpool Resetting dropped connection: metadata.google.internal
2022-12-03 21:32:23,792 DEBUG    urllib3.connectionpool http://metadata.google.internal:80 "GET /computeMetadata/v1/instance/service-accounts/bizjak3@gmail.com/token HTTP/1.1" 200 None
2022-12-03 21:32:23,809 INFO     root            Display format: "default json"
2022-12-03 21:32:23,811 INFO     ___FILE_ONLY___ {
  "configuration": {
    "active_configuration": "default",
    "properties": {
      "accessibility": {
        "screen_reader": "True"
      },
      "component_manager": {
        "disable_update_check": "True"
      },
      "compute": {
        "gce_metadata_read_timeout_sec": "30"
      },
      "core": {
        "account": "bizjak3@gmail.com",
        "disable_usage_reporting": "True"
      },
      "metrics": {
        "environment": "cloudcode.vscode",
        "environment_version": "1.19.0"
      }
    }
  },
  "credential": {
    "access_token": "ya29.a0AeTM1icP0AOjJoRn7iDTpt2cfNJn0yu-3VKNahqCjFxFwPl1VTFcpZPGnaerKQrVlv7rd3g4KUW9BgoDor0CZAjSFRlmFEZGMhGwN7CcXbe0emQ_FjplHLdHIf7R45UhTiygs5BsExu3gFZK9ZenaSAf_X3KybrG4tibygx5dimoNnlqs62xiRBpkMKokM7yI6lEI7ZQiOHEDcCGHqSJ3AGu63P7aqOEffk8B10yWBoM8BqANMXD9TuxWqz4BjdhdX-Bou4aCgYKASsSARASFQHWtWOm0RhkjIicEB5FGbX-TxRnng0270",
    "id_token": "eyJhbGciOiJSUzI1NiIsImtpZCI6IjE4MzkyM2M4Y2ZlYzEwZjkyY2IwMTNkMDZlMWU3Y2RkNzg3NGFlYTUiLCJ0eXAiOiJKV1QifQ.eyJpc3MiOiJhY2NvdW50cy5nb29nbGUuY29tIiwiYXpwIjoiNjE4MTA0NzA4MDU0LTlyOXMxYzRhbGczNmVybGl1Y2hvOXQ1Mm4zMm42ZGdxLmFwcHMuZ29vZ2xldXNlcmNvbnRlbnQuY29tIiwiYXVkIjoiNjE4MTA0NzA4MDU0LTlyOXMxYzRhbGczNmVybGl1Y2hvOXQ1Mm4zMm42ZGdxLmFwcHMuZ29vZ2xldXNlcmNvbnRlbnQuY29tIiwic3ViIjoiMTA5NTM3MzUyNDI0NjQ4OTEzMjYzIiwiZW1haWwiOiJiaXpqYWszQGdtYWlsLmNvbSIsImVtYWlsX3ZlcmlmaWVkIjp0cnVlLCJhdF9oYXNoIjoiNjBjZk5QaEhDVFJYb1BCb3lqcXRIZyIsImlhdCI6MTY3MDEwMjY3NiwiZXhwIjoxNjcwMTA2Mjc2LCJqdGkiOiJlNjBmZDkxZGQyMTk3YzhlN2UyNDEwOWJmZDM0N2M2ZjZjZjJkOGYwIn0.Zg5hH1ZcKlCwLLzBXiFqeUjLfHPA_vwQs1xl9sLzugZVjyj1qSJAKADkuzd1sTlx7Ak0ztKB8fMjuYImPtUszhcCeO24CLbidiSem-c5MEzs3oCDKFFH8pwhsdbsViZNI4hTtzm33nhsgnORTsZcXvy35v0Obv4RFlZDD9uutA8ctepDP425H5nUdQgpUr_vU8qUjZ-aKsPKzPlQBR5X4K6CMbUII3Lo0LChJ_cT-9N1bIxv3GoGijD3kKMDACFYoXKHJVMIJCX97AadTtlB_A-YX7YYEV6jLssMgl-Hq-tk8hyn38qna5JVo4OSz5k6Yh0qx85lCBrCh0LgZf70AQ",
    "token_expiry": "2022-12-03T22:24:34Z"
  },
  "sentinels": {
    "config_sentinel": "/home/bizjak3/.config/gcloud/config_sentinel"
  }
}
2022-12-03 21:32:23,811 INFO     ___FILE_ONLY___ 

2022-12-03 21:32:23,811 DEBUG    root            SDK update checks are disabled.
