2022-12-02 03:26:58,224 DEBUG    root            Loaded Command Group: ['gcloud', 'config']
2022-12-02 03:26:58,228 DEBUG    root            Loaded Command Group: ['gcloud', 'config', 'config_helper']
2022-12-02 03:26:58,231 DEBUG    root            Running [gcloud.config.config-helper] with arguments: [--format: "json", --quiet: "True"]
2022-12-02 03:26:58,240 DEBUG    google.auth.transport.requests Making request: GET http://metadata.google.internal/computeMetadata/v1/instance/service-accounts/bizjak3@gmail.com/?recursive=true
2022-12-02 03:26:58,244 DEBUG    urllib3.connectionpool Starting new HTTP connection (1): metadata.google.internal:80
2022-12-02 03:26:58,246 DEBUG    urllib3.connectionpool http://metadata.google.internal:80 "GET /computeMetadata/v1/instance/service-accounts/bizjak3@gmail.com/?recursive=true HTTP/1.1" 200 None
2022-12-02 03:26:58,247 DEBUG    google.auth.transport.requests Making request: GET http://metadata.google.internal/computeMetadata/v1/instance/service-accounts/bizjak3@gmail.com/token
2022-12-02 03:26:58,249 DEBUG    urllib3.connectionpool Resetting dropped connection: metadata.google.internal
2022-12-02 03:26:58,251 DEBUG    urllib3.connectionpool http://metadata.google.internal:80 "GET /computeMetadata/v1/instance/service-accounts/bizjak3@gmail.com/token HTTP/1.1" 200 None
2022-12-02 03:26:58,268 INFO     root            Display format: "default json"
2022-12-02 03:26:58,269 INFO     ___FILE_ONLY___ {
  "configuration": {
    "active_configuration": "default",
    "properties": {
      "accessibility": {
        "screen_reader": "True"
      },
      "component_manager": {
        "disable_update_check": "True"
      },
      "compute": {
        "gce_metadata_read_timeout_sec": "30"
      },
      "core": {
        "account": "bizjak3@gmail.com",
        "disable_prompts": "True",
        "disable_usage_reporting": "True",
        "print_unhandled_tracebacks": "true"
      },
      "metrics": {
        "environment": "cloudcode.vscode",
        "environment_version": "1.19.0"
      }
    }
  },
  "credential": {
    "access_token": "ya29.a0AeTM1ifFzbzX8GJzBo0TxP4t0fOAVTVkp3yU8CgmerTFUAn0v6ljwHBzunEfLmqLzE1q6U8BxWDQ5Rbq5BSLFq-Ghc9UXtYaErVuk5-e1Zbk1oxvnRatt0SYlBXSb1CZ2uEDxx34cSKfdUd5xrC36MI_9idQmSn6DYk1sZ5tYoZNs7PD6oC3IwFgF74S5EVTgEIzawxR_5v0U9_QYW_niaXKakUtS76FEvhTZmGfuubbU96HuW1Flx1sMBYip7eR7klAlQaCgYKARgSARASFQHWtWOmFobwShWFJEmcP-BnvetqEA0269",
    "id_token": "eyJhbGciOiJSUzI1NiIsImtpZCI6IjU1MmRlMjdmNTE1NzM3NTM5NjAwZDg5YjllZTJlNGVkNTM1ZmI1MTkiLCJ0eXAiOiJKV1QifQ.eyJpc3MiOiJhY2NvdW50cy5nb29nbGUuY29tIiwiYXpwIjoiNjE4MTA0NzA4MDU0LTlyOXMxYzRhbGczNmVybGl1Y2hvOXQ1Mm4zMm42ZGdxLmFwcHMuZ29vZ2xldXNlcmNvbnRlbnQuY29tIiwiYXVkIjoiNjE4MTA0NzA4MDU0LTlyOXMxYzRhbGczNmVybGl1Y2hvOXQ1Mm4zMm42ZGdxLmFwcHMuZ29vZ2xldXNlcmNvbnRlbnQuY29tIiwic3ViIjoiMTA5NTM3MzUyNDI0NjQ4OTEzMjYzIiwiZW1haWwiOiJiaXpqYWszQGdtYWlsLmNvbSIsImVtYWlsX3ZlcmlmaWVkIjp0cnVlLCJhdF9oYXNoIjoiNlotUGZNOEJjaDl0SnBDTjkzRWtXUSIsImlhdCI6MTY2OTk1MTU3NSwiZXhwIjoxNjY5OTU1MTc1LCJqdGkiOiI0MTU1MjA3Y2Q4MmFjMzI5M2U0Mzk0NTljNTE4NDE4M2JkNGEzZjFkIn0.CBoy8IAkCdAf0ubBA2wpPq-IzWBrGb4gnRjc0hT-0flYDwCX15UgzNBEefUN2NTBp2QPeIRBsGXDufGNMGGeplhEgIhFAhaZAyiBfgVJcfGMeQCpS7Qq9gsvjFs3wSuEWfN8V9-peMJP7y93K_8-w2ddBoYohmVFwTVeKujwqKGMvj7Af-MntT5M0AcMfQ09awXXk55dZmMxG1cnpFuZwq2etDYpt5y4_FiYLwMsIxzdIr-3HHgDUqVls2AEDAd6XoWW3xVl1O8qNcYU6gxOSSj_vnKhYdvQrZ4zBJ4aHooT3eLVNt0tQ_hCt62aGMRvvbPq3L6GyCOt2DEaFSTTFw",
    "token_expiry": "2022-12-02T04:26:12Z"
  },
  "sentinels": {
    "config_sentinel": "/home/bizjak3/.config/gcloud/config_sentinel"
  }
}
2022-12-02 03:26:58,269 INFO     ___FILE_ONLY___ 

2022-12-02 03:26:58,270 DEBUG    root            SDK update checks are disabled.
