2022-12-02 03:30:52,731 DEBUG    root            Loaded Command Group: ['gcloud', 'container', 'clusters']
2022-12-02 03:30:52,735 DEBUG    root            Loaded Command Group: ['gcloud', 'container', 'clusters', 'get_credentials']
2022-12-02 03:30:52,750 DEBUG    google.auth.transport.requests Making request: GET http://metadata.google.internal/computeMetadata/v1/instance/service-accounts/bizjak3@gmail.com/?recursive=true
2022-12-02 03:30:52,753 DEBUG    urllib3.connectionpool Starting new HTTP connection (1): metadata.google.internal:80
2022-12-02 03:30:52,756 DEBUG    urllib3.connectionpool http://metadata.google.internal:80 "GET /computeMetadata/v1/instance/service-accounts/bizjak3@gmail.com/?recursive=true HTTP/1.1" 200 None
2022-12-02 03:30:52,757 DEBUG    google.auth.transport.requests Making request: GET http://metadata.google.internal/computeMetadata/v1/instance/service-accounts/bizjak3@gmail.com/token
2022-12-02 03:30:52,759 DEBUG    urllib3.connectionpool Resetting dropped connection: metadata.google.internal
2022-12-02 03:30:52,761 DEBUG    urllib3.connectionpool http://metadata.google.internal:80 "GET /computeMetadata/v1/instance/service-accounts/bizjak3@gmail.com/token HTTP/1.1" 200 None
2022-12-02 03:30:52,773 DEBUG    google.auth.transport.requests Making request: GET http://metadata.google.internal/computeMetadata/v1/instance/service-accounts/bizjak3@gmail.com/?recursive=true
2022-12-02 03:30:52,775 DEBUG    urllib3.connectionpool Starting new HTTP connection (1): metadata.google.internal:80
2022-12-02 03:30:52,778 DEBUG    urllib3.connectionpool http://metadata.google.internal:80 "GET /computeMetadata/v1/instance/service-accounts/bizjak3@gmail.com/?recursive=true HTTP/1.1" 200 None
2022-12-02 03:30:52,778 DEBUG    google.auth.transport.requests Making request: GET http://metadata.google.internal/computeMetadata/v1/instance/service-accounts/bizjak3@gmail.com/token
2022-12-02 03:30:52,780 DEBUG    urllib3.connectionpool Resetting dropped connection: metadata.google.internal
2022-12-02 03:30:52,782 DEBUG    urllib3.connectionpool http://metadata.google.internal:80 "GET /computeMetadata/v1/instance/service-accounts/bizjak3@gmail.com/token HTTP/1.1" 200 None
2022-12-02 03:30:52,828 DEBUG    root            Running [gcloud.container.clusters.get-credentials] with arguments: [--project: "euphoric-coral-370400", --quiet: "True", --zone: "europe-west9-c", NAME: "testni"]
2022-12-02 03:30:52,875 INFO     ___FILE_ONLY___ Fetching cluster endpoint and auth data.

2022-12-02 03:30:52,879 DEBUG    urllib3.connectionpool Starting new HTTPS connection (1): container.googleapis.com:443
2022-12-02 03:30:52,951 DEBUG    urllib3.connectionpool https://container.googleapis.com:443 "GET /v1/projects/euphoric-coral-370400/locations/europe-west9-c/clusters/testni?alt=json HTTP/1.1" 200 None
2022-12-02 03:30:53,011 DEBUG    root            Saved kubeconfig to /home/bizjak3/.kube/config
2022-12-02 03:30:53,012 INFO     ___FILE_ONLY___ kubeconfig entry generated for testni.

2022-12-02 03:30:53,014 INFO     root            Display format: "default"
2022-12-02 03:30:53,015 DEBUG    root            SDK update checks are disabled.
